<?xml version="1.0" encoding="UTF-8"?>
<!-- Generated by org.testng.reporters.JUnitReportReporter -->
<testsuite hostname="DESKTOP-A97C1A1" failures="0" tests="1" name="Test_Classes.Patch_TC1" time="0.988" errors="0" timestamp="2023-06-26T12:04:23 IST" skipped="0">
  <testcase classname="Test_Classes.Patch_TC1" name="Extractor" time="0.988"/>
  <system-out/>
</testsuite> <!-- Test_Classes.Patch_TC1 -->
